<?xml version="1.0" encoding="UTF-8"?>
<testsuite name="com.sukhralia.ApplicationTest" tests="1" skipped="0" failures="0" errors="0" timestamp="2022-02-22T07:14:48" hostname="DESKTOP-C1FOSK9" time="0.001">
  <properties/>
  <testcase name="testRoot" classname="com.sukhralia.ApplicationTest" time="0.001"/>
  <system-out><![CDATA[]]></system-out>
  <system-err><![CDATA[]]></system-err>
</testsuite>
